-------------------------------------------------------------------------------------------------------------------------------------------------
      name:  <unnamed>
       log:  C:\Users\marku\Documents\GNRProdEst\Other Programs\GNR\Tables_2_3\Colombia\311\GNR\boot.log
  log type:  text
 opened on:   4 Jun 2024, 15:48:13

. log off
      name:  <unnamed>
       log:  C:\Users\marku\Documents\GNRProdEst\Other Programs\GNR\Tables_2_3\Colombia\311\GNR\boot.log
  log type:  text
 paused on:   4 Jun 2024, 15:48:13
-------------------------------------------------------------------------------------------------------------------------------------------------
-------------------------------------------------------------------------------------------------------------------------------------------------
      name:  <unnamed>
       log:  C:\Users\marku\Documents\GNRProdEst\Other Programs\GNR\Tables_2_3\Colombia\311\GNR\boot.log
  log type:  text
resumed on:   4 Jun 2024, 15:48:13
1
      name:  <unnamed>
       log:  C:\Users\marku\Documents\GNRProdEst\Other Programs\GNR\Tables_2_3\Colombia\311\GNR\boot.log
  log type:  text
 paused on:   4 Jun 2024, 15:48:13
-------------------------------------------------------------------------------------------------------------------------------------------------
